<?xml version="1.0" encoding="UTF-8"?>
<!-- Generated by org.testng.reporters.JUnitReportReporter -->
<testsuite skipped="0" hostname="DESKTOP-R4J9CF0" name="com.vtiger.testscripts.FetchDataFromMvn" tests="1" failures="0" timestamp="15 Dec 2022 06:27:30 GMT" time="0.010" errors="0">
  <testcase name="test" time="0.010" classname="com.vtiger.testscripts.FetchDataFromMvn"/>
</testsuite> <!-- com.vtiger.testscripts.FetchDataFromMvn -->
